2010-01-07 16:21:27 Debug: Notice (8): Undefined property: VariationsController::$Mineral in [APP\controllers\variations_controller.php, line 51]
2010-01-07 16:21:27 Debug: Notice (8): Trying to get property of non-object in [APP\controllers\variations_controller.php, line 51]
2010-01-09 14:38:53 Debug: Notice (8): Array to string conversion in [CORE\cake\libs\view\helper.php, line 330]
2010-01-09 14:38:53 Debug: Notice (8): Array to string conversion in [CORE\cake\libs\view\helpers\form.php, line 448]
2010-01-09 14:38:53 Debug: Notice (8): Array to string conversion in [CORE\cake\libs\view\helpers\form.php, line 453]
2010-01-09 14:38:53 Debug: Notice (8): Array to string conversion in [CORE\cake\libs\inflector.php, line 428]
2010-01-10 20:15:19 Debug: Notice (8): Undefined index:  id in [APP\views\attachments\admin_edit.ctp, line 27]
2010-01-10 20:15:19 Debug: Notice (8): Undefined index:  name_gr in [APP\views\attachments\admin_edit.ctp, line 28]
2010-01-10 20:15:19 Debug: Notice (8): Undefined index:  name_eng in [APP\views\attachments\admin_edit.ctp, line 29]
2010-01-10 20:15:19 Debug: Notice (8): Undefined index:  new_code in [APP\views\attachments\admin_edit.ctp, line 30]
2010-01-10 20:51:40 Debug: Notice (8): Undefined variable: sample in [APP\views\attachments\admin_edit.ctp, line 16]
2010-01-10 20:54:19 Debug: Notice (8): Undefined variable: sample in [APP\views\attachments\admin_edit.ctp, line 16]
2010-01-11 09:28:09 Debug: Notice (8): Undefined index:  path in [APP\views\attachments\admin_edit.ctp, line 16]
2010-01-12 14:34:40 Debug: Notice (8): Undefined index:  file in [APP\controllers\attachments_controller.php, line 123]
2010-01-12 14:34:54 Debug: Notice (8): Undefined index:  file in [APP\controllers\attachments_controller.php, line 123]
2010-01-12 14:37:05 Debug: Notice (8): Undefined variable: sample_id in [APP\controllers\attachments_controller.php, line 155]
2010-01-12 14:56:43 Debug: Notice (8): Undefined index:  file in [APP\controllers\attachments_controller.php, line 116]
2010-01-12 14:58:45 Debug: Notice (8): Undefined index:  file in [APP\controllers\attachments_controller.php, line 116]
2010-01-15 12:10:43 Debug: Notice (8): Undefined variable: validate_edit in [APP\controllers\users_controller.php, line 62]
2010-01-15 23:09:48 Debug: Notice (8): Undefined offset:  0 in [APP\views\samples\display_case.ctp, line 8]
2010-01-15 23:11:05 Debug: Notice (8): Undefined offset:  0 in [APP\views\samples\display_case.ctp, line 8]
2010-01-15 23:12:22 Debug: Notice (8): Undefined offset:  0 in [APP\views\samples\display_case.ctp, line 8]
2010-01-15 23:34:58 Debug: Notice (8): Undefined offset:  0 in [APP\views\samples\display_case.ctp, line 18]
2010-01-23 15:19:53 Debug: Notice (8): Undefined property: MenuHelper::$viewpath in [APP\views\helpers\menu.php, line 30]
2010-01-23 15:21:49 Debug: Notice (8): Undefined property: MenuHelper::$viewpath in [APP\views\helpers\menu.php, line 30]
2010-01-23 15:42:21 Debug: Notice (8): Undefined variable: realurl in [APP\views\helpers\menu.php, line 29]
2010-01-23 15:42:21 Debug: Notice (8): Array to string conversion in [APP\views\helpers\menu.php, line 29]
2010-01-23 15:42:37 Debug: Notice (8): Undefined variable: realurl in [APP\views\helpers\menu.php, line 29]
2010-01-23 15:42:37 Debug: Notice (8): Undefined offset:  1 in [APP\views\helpers\menu.php, line 30]
2010-01-23 15:42:37 Debug: Notice (8): Array to string conversion in [APP\views\helpers\menu.php, line 29]
2010-01-23 15:44:01 Debug: Notice (8): Undefined offset:  1 in [APP\views\helpers\menu.php, line 30]
2010-01-23 15:44:37 Debug: Notice (8): Undefined offset:  1 in [APP\views\helpers\menu.php, line 30]
2010-01-23 15:44:47 Debug: Notice (8): Undefined offset:  1 in [APP\views\helpers\menu.php, line 30]
2010-01-23 15:46:56 Debug: Notice (8): Undefined offset:  1 in [APP\views\helpers\menu.php, line 30]
2010-01-23 15:46:56 Debug: Notice (8): Undefined offset:  1 in [APP\views\helpers\menu.php, line 31]
2010-01-23 15:47:01 Debug: Notice (8): Undefined offset:  1 in [APP\views\helpers\menu.php, line 30]
2010-01-23 15:47:01 Debug: Notice (8): Undefined offset:  1 in [APP\views\helpers\menu.php, line 31]
2010-01-23 15:47:05 Debug: Notice (8): Undefined offset:  1 in [APP\views\helpers\menu.php, line 30]
2010-01-23 15:47:05 Debug: Notice (8): Undefined offset:  1 in [APP\views\helpers\menu.php, line 31]
2010-01-23 15:49:45 Debug: Notice (8): Undefined offset:  1 in [APP\views\helpers\menu.php, line 30]
2010-01-23 15:49:45 Debug: Notice (8): Undefined offset:  1 in [APP\views\helpers\menu.php, line 31]
2010-01-23 16:18:50 Debug: Notice (8): Undefined variable: id in [APP\views\helpers\menu.php, line 36]
2010-01-23 16:19:21 Debug: Notice (8): Undefined variable: id in [APP\views\helpers\menu.php, line 36]
2010-01-23 16:19:23 Debug: Notice (8): Undefined variable: id in [APP\views\helpers\menu.php, line 36]
2010-01-23 16:19:27 Debug: Notice (8): Undefined variable: id in [APP\views\helpers\menu.php, line 36]
2010-01-25 11:17:37 Debug: Notice (8): Undefined variable: id in [APP\views\helpers\menu.php, line 33]
2010-01-25 11:17:37 Debug: Notice (8): Undefined variable: id in [APP\views\helpers\menu.php, line 38]
2010-01-25 11:45:28 Debug: Notice (8): Undefined variable: id in [APP\views\helpers\menu.php, line 38]
2010-01-25 11:45:38 Debug: Notice (8): Undefined variable: id in [APP\views\helpers\menu.php, line 38]
2010-01-25 11:45:42 Debug: Notice (8): Undefined variable: id in [APP\views\helpers\menu.php, line 38]
2010-01-25 11:45:45 Debug: Notice (8): Undefined variable: id in [APP\views\helpers\menu.php, line 38]
2010-01-25 11:45:49 Debug: Notice (8): Undefined variable: id in [APP\views\helpers\menu.php, line 38]
2010-01-25 11:45:52 Debug: Notice (8): Undefined variable: id in [APP\views\helpers\menu.php, line 38]
2010-01-25 11:45:55 Debug: Notice (8): Undefined variable: id in [APP\views\helpers\menu.php, line 38]
2010-01-25 12:22:38 Debug: Notice (8): Undefined index:  frontage in [APP\views\helpers\menu.php, line 20]
2010-01-25 12:22:43 Debug: Notice (8): Undefined index:  frontage in [APP\views\helpers\menu.php, line 20]
2010-01-25 12:22:44 Debug: Notice (8): Undefined index:  frontage in [APP\views\helpers\menu.php, line 20]
2010-01-25 12:22:46 Debug: Notice (8): Undefined index:  frontage in [APP\views\helpers\menu.php, line 20]
2010-01-25 15:14:09 Debug: Notice (8): Undefined property: CountriesController::$Collection in [APP\controllers\countries_controller.php, line 43]
2010-01-25 15:14:09 Debug: Notice (8): Trying to get property of non-object in [APP\controllers\countries_controller.php, line 43]
2010-01-25 15:22:22 Debug: Notice (8): Undefined property: MineralsController::$Collection in [APP\controllers\minerals_controller.php, line 43]
2010-01-25 15:22:22 Debug: Notice (8): Trying to get property of non-object in [APP\controllers\minerals_controller.php, line 43]
2010-01-25 17:15:13 Debug: Notice (8): Undefined property: CrystalSystemsController::$CrystalSystemp in [APP\controllers\crystal_systems_controller.php, line 20]
2010-01-25 17:15:13 Debug: Notice (8): Trying to get property of non-object in [APP\controllers\crystal_systems_controller.php, line 20]
2010-01-25 17:16:04 Debug: Notice (8): Undefined property: CrystalSystemsController::$CrystalSystemp in [APP\controllers\crystal_systems_controller.php, line 20]
2010-01-25 17:16:04 Debug: Notice (8): Trying to get property of non-object in [APP\controllers\crystal_systems_controller.php, line 20]
2010-01-25 17:50:43 Debug: Notice (8): Use of undefined constant role_count - assumed 'role_count' in [APP\views\users\admin_view.ctp, line 47]
2010-01-25 17:50:43 Debug: Notice (8): Use of undefined constant sample_count - assumed 'sample_count' in [APP\views\users\admin_view.ctp, line 87]
2010-01-27 14:40:07 Debug: Notice (8): Undefined variable: Html in [APP\views\helpers\my_html.php, line 10]
2010-01-27 14:40:40 Debug: Notice (8): Undefined variable: html in [APP\views\helpers\my_html.php, line 10]
2010-01-27 14:41:42 Debug: Notice (8): Undefined property: MyHtmlHelper::$html in [APP\views\helpers\my_html.php, line 8]
2010-01-27 14:44:03 Debug: Notice (8): Undefined property: MyHtmlHelper::$html in [APP\views\helpers\my_html.php, line 8]
2010-01-27 14:53:51 Debug: Notice (8): Undefined property: View::$myHtml in [APP\views\users\admin_index.ctp, line 45]
2010-01-27 15:03:59 Debug: Notice (8): Use of undefined constant countSamples - assumed 'countSamples' in [APP\views\samples\admin_filter.ctp, line 23]
2010-05-06 19:28:38 Debug: Notice (8): Undefined offset:  0 in [APP\views\samples\admin_index.ctp, line 64]
2010-11-30 10:22:38 Debug: Notice (8): Undefined variable: gpermissionList in [APP\models\permission.php, line 26]
2010-12-04 02:47:34 Debug: Notice (8): Undefined property: CrystalSystemsController::$CrystalSystems in [APP\controllers\crystal_systems_controller.php, line 11]
2010-12-04 02:48:21 Debug: Notice (8): Undefined variable: paginator in [APP\views\crystal_systems\index.ctp, line 5]
2010-12-04 02:49:39 Debug: Notice (8): Undefined variable: paginator in [APP\views\crystal_systems\index.ctp, line 5]
2010-12-04 13:22:29 Debug: Notice (8): Undefined index:  id in [APP\controllers\crystal_systems_controller.php, line 13]
2010-12-04 13:22:29 Debug: Notice (8): Undefined variable: query_text in [APP\models\crystal_system.php, line 82]
2010-12-04 13:26:40 Debug: Notice (8): Undefined index:  Mineral in [APP\controllers\crystal_systems_controller.php, line 13]
2010-12-04 13:26:40 Debug: Notice (8): Undefined variable: query_text in [APP\models\crystal_system.php, line 82]
2010-12-04 13:27:45 Debug: Notice (8): Undefined variable: query_text in [APP\models\crystal_system.php, line 82]
2010-12-04 13:47:00 Debug: Notice (8): Undefined index:  name_emg in [APP\views\crystal_systems\index.ctp, line 6]
2010-12-04 13:47:00 Debug: Notice (8): Undefined index:  name_emg in [APP\views\crystal_systems\index.ctp, line 14]
2010-12-04 13:48:56 Debug: Notice (8): Undefined index:  name_eng in [APP\views\crystal_systems\index.ctp, line 6]
2010-12-04 13:48:56 Debug: Notice (8): Undefined index:  name_eng in [APP\views\crystal_systems\index.ctp, line 14]
2010-12-04 13:50:18 Debug: Notice (8): Undefined index:  namegr in [APP\views\crystal_systems\index.ctp, line 14]
2010-12-04 15:26:32 Debug: Notice (8): Undefined index:  nameeng in [APP\views\crystal_systems\index.ctp, line 18]
2010-12-04 15:37:40 Debug: Notice (8): Undefined variable: mineras in [APP\views\crystal_systems\index.ctp, line 18]
2010-12-04 15:38:06 Debug: Notice (8): Undefined variable: mineras in [APP\views\crystal_systems\index.ctp, line 18]
2010-12-04 15:41:30 Debug: Notice (8): Use of undefined constant action - assumed 'action' in [APP\views\crystal_systems\index.ctp, line 19]
2010-12-04 15:42:02 Debug: Notice (8): Undefined variable: action in [APP\views\crystal_systems\index.ctp, line 19]
2010-12-04 16:19:58 Debug: Notice (8): Undefined property: DanaGroupsController::$CrystalSystem in [APP\controllers\dana_groups_controller.php, line 14]
