2010-01-06 17:18:18 Warning: Warning (2): move_uploaded_file(C:\wamp\www\geo\app\webroot\files/samples/160/cake_1.2.5.zip) [<a href='http://php.net/function.move-uploaded-file'>function.move-uploaded-file</a>]: failed to open stream: Permission denied in [APP\controllers\attachments_controller.php, line 192]
2010-01-06 17:18:18 Warning: Warning (2): move_uploaded_file() [<a href='http://php.net/function.move-uploaded-file'>function.move-uploaded-file</a>]: Unable to move 'C:\wamp\tmp\phpAC.tmp' to 'C:\wamp\www\geo\app\webroot\files/samples/160/cake_1.2.5.zip' in [APP\controllers\attachments_controller.php, line 192]
2010-01-06 19:39:36 Warning: Warning (2): getimagesize(C:\wamp\www\geo\app\webroot\files/samples/236/) [<a href='http://php.net/function.getimagesize'>function.getimagesize</a>]: failed to open stream: No such file or directory in [APP\controllers\components\p_image.php, line 26]
2010-01-06 19:39:36 Warning: Warning (2): Division by zero in [APP\controllers\components\p_image.php, line 70]
2010-01-06 19:39:36 Warning: Warning (2): Division by zero in [APP\controllers\components\p_image.php, line 86]
2010-01-06 19:40:03 Warning: Warning (2): getimagesize(C:\wamp\www\geo\app\webroot\files/samples/236/) [<a href='http://php.net/function.getimagesize'>function.getimagesize</a>]: failed to open stream: No such file or directory in [APP\controllers\components\p_image.php, line 26]
2010-01-06 19:40:03 Warning: Warning (2): Division by zero in [APP\controllers\components\p_image.php, line 70]
2010-01-06 19:40:03 Warning: Warning (2): Division by zero in [APP\controllers\components\p_image.php, line 86]
2010-01-07 13:59:36 Warning: Warning (2): getimagesize(C:\wamp\www\geo\app\webroot\files/samples/160/) [<a href='http://php.net/function.getimagesize'>function.getimagesize</a>]: failed to open stream: No such file or directory in [APP\controllers\components\p_image.php, line 26]
2010-01-07 13:59:37 Warning: Warning (2): Division by zero in [APP\controllers\components\p_image.php, line 70]
2010-01-07 13:59:37 Warning: Warning (2): Division by zero in [APP\controllers\components\p_image.php, line 86]
2010-01-07 14:20:10 Warning: Warning (2): getimagesize(C:\wamp\www\geo\app\webroot\files/samples/160/) [<a href='http://php.net/function.getimagesize'>function.getimagesize</a>]: failed to open stream: No such file or directory in [APP\controllers\components\p_image.php, line 26]
2010-01-07 14:20:10 Warning: Warning (2): Division by zero in [APP\controllers\components\p_image.php, line 70]
2010-01-07 14:20:10 Warning: Warning (2): Division by zero in [APP\controllers\components\p_image.php, line 86]
2010-01-07 14:21:41 Warning: Warning (2): getimagesize(C:\wamp\www\geo\app\webroot\files/samples/160/) [<a href='http://php.net/function.getimagesize'>function.getimagesize</a>]: failed to open stream: No such file or directory in [APP\controllers\components\p_image.php, line 26]
2010-01-07 14:21:41 Warning: Warning (2): Division by zero in [APP\controllers\components\p_image.php, line 70]
2010-01-07 14:21:41 Warning: Warning (2): Division by zero in [APP\controllers\components\p_image.php, line 86]
2010-01-07 14:24:28 Warning: Warning (2): getimagesize(C:\wamp\www\geo\app\webroot\files/samples/160/) [<a href='http://php.net/function.getimagesize'>function.getimagesize</a>]: failed to open stream: No such file or directory in [APP\controllers\components\p_image.php, line 26]
2010-01-07 14:24:28 Warning: Warning (2): Division by zero in [APP\controllers\components\p_image.php, line 70]
2010-01-07 14:24:28 Warning: Warning (2): Division by zero in [APP\controllers\components\p_image.php, line 86]
2010-01-07 14:38:25 Warning: Warning (2): imagepng() [<a href='http://php.net/function.imagepng'>function.imagepng</a>]: gd-png:  fatal libpng error: zlib failed to initialize compressor -- stream error in [APP\controllers\components\p_image.php, line 167]
2010-01-07 14:38:25 Warning: Warning (2): imagepng() [<a href='http://php.net/function.imagepng'>function.imagepng</a>]: gd-png error: setjmp returns error condition in [APP\controllers\components\p_image.php, line 167]
2010-01-07 14:38:26 Warning: Warning (2): Cannot modify header information - headers already sent by (output started at C:\wamp\www\geo\cake\libs\debugger.php:511) in [CORE\cake\libs\controller\controller.php, line 615]
2010-01-07 14:39:01 Warning: Warning (2): imagepng() [<a href='http://php.net/function.imagepng'>function.imagepng</a>]: gd-png:  fatal libpng error: zlib failed to initialize compressor -- stream error in [APP\controllers\components\p_image.php, line 167]
2010-01-07 14:39:01 Warning: Warning (2): imagepng() [<a href='http://php.net/function.imagepng'>function.imagepng</a>]: gd-png error: setjmp returns error condition in [APP\controllers\components\p_image.php, line 167]
2010-01-07 14:39:01 Warning: Warning (2): Cannot modify header information - headers already sent by (output started at C:\wamp\www\geo\cake\libs\debugger.php:511) in [CORE\cake\libs\controller\controller.php, line 615]
2010-01-07 14:58:19 Warning: Warning (2): getimagesize(C:\wamp\www\geo\app\webroot\files/samples/160/) [<a href='http://php.net/function.getimagesize'>function.getimagesize</a>]: failed to open stream: No such file or directory in [APP\controllers\components\p_image.php, line 26]
2010-01-07 14:58:19 Warning: Warning (2): Division by zero in [APP\controllers\components\p_image.php, line 70]
2010-01-07 14:58:19 Warning: Warning (2): Division by zero in [APP\controllers\components\p_image.php, line 86]
2010-01-10 12:22:37 Warning: Warning (2): getimagesize(C:\wamp\www\geo\app\webroot\files/samples/160/) [<a href='http://php.net/function.getimagesize'>function.getimagesize</a>]: failed to open stream: No such file or directory in [APP\controllers\components\p_image.php, line 26]
2010-01-10 12:22:37 Warning: Warning (2): Division by zero in [APP\controllers\components\p_image.php, line 70]
2010-01-10 12:22:37 Warning: Warning (2): Division by zero in [APP\controllers\components\p_image.php, line 86]
2010-01-10 12:40:33 Warning: Warning (2): getimagesize(C:\wamp\www\geo\app\webroot\files/samples/160/) [<a href='http://php.net/function.getimagesize'>function.getimagesize</a>]: failed to open stream: No such file or directory in [APP\controllers\components\p_image.php, line 26]
2010-01-10 12:40:33 Warning: Warning (2): Division by zero in [APP\controllers\components\p_image.php, line 70]
2010-01-10 12:40:33 Warning: Warning (2): Division by zero in [APP\controllers\components\p_image.php, line 86]
2010-01-10 12:47:54 Warning: Warning (2): getimagesize(C:\wamp\www\geo\app\webroot\files/samples/160/) [<a href='http://php.net/function.getimagesize'>function.getimagesize</a>]: failed to open stream: No such file or directory in [APP\controllers\components\p_image.php, line 26]
2010-01-10 12:47:54 Warning: Warning (2): Division by zero in [APP\controllers\components\p_image.php, line 70]
2010-01-10 12:47:54 Warning: Warning (2): Division by zero in [APP\controllers\components\p_image.php, line 86]
2010-01-10 12:53:43 Warning: Warning (2): getimagesize(C:\wamp\www\geo\app\webroot\files/samples/160/) [<a href='http://php.net/function.getimagesize'>function.getimagesize</a>]: failed to open stream: No such file or directory in [APP\controllers\components\p_image.php, line 26]
2010-01-10 12:53:43 Warning: Warning (2): Division by zero in [APP\controllers\components\p_image.php, line 70]
2010-01-10 12:53:43 Warning: Warning (2): Division by zero in [APP\controllers\components\p_image.php, line 86]
2010-01-10 12:54:03 Warning: Warning (2): getimagesize(C:\wamp\www\geo\app\webroot\files/samples/160/) [<a href='http://php.net/function.getimagesize'>function.getimagesize</a>]: failed to open stream: No such file or directory in [APP\controllers\components\p_image.php, line 26]
2010-01-10 12:54:03 Warning: Warning (2): Division by zero in [APP\controllers\components\p_image.php, line 70]
2010-01-10 12:54:03 Warning: Warning (2): Division by zero in [APP\controllers\components\p_image.php, line 86]
2010-01-10 12:58:17 Warning: Warning (2): getimagesize(C:\wamp\www\geo\app\webroot\files/samples/160/) [<a href='http://php.net/function.getimagesize'>function.getimagesize</a>]: failed to open stream: No such file or directory in [APP\controllers\components\p_image.php, line 26]
2010-01-10 12:58:17 Warning: Warning (2): Division by zero in [APP\controllers\components\p_image.php, line 70]
2010-01-10 12:58:17 Warning: Warning (2): Division by zero in [APP\controllers\components\p_image.php, line 86]
2010-01-10 12:58:27 Warning: Warning (2): getimagesize(C:\wamp\www\geo\app\webroot\files/samples/160/) [<a href='http://php.net/function.getimagesize'>function.getimagesize</a>]: failed to open stream: No such file or directory in [APP\controllers\components\p_image.php, line 26]
2010-01-10 12:58:27 Warning: Warning (2): Division by zero in [APP\controllers\components\p_image.php, line 70]
2010-01-10 12:58:27 Warning: Warning (2): Division by zero in [APP\controllers\components\p_image.php, line 86]
2010-01-10 13:12:21 Warning: Warning (2): getimagesize(C:\wamp\www\geo\app\webroot\files/samples/160/) [<a href='http://php.net/function.getimagesize'>function.getimagesize</a>]: failed to open stream: No such file or directory in [APP\controllers\components\p_image.php, line 26]
2010-01-10 13:12:21 Warning: Warning (2): Division by zero in [APP\controllers\components\p_image.php, line 70]
2010-01-10 13:12:21 Warning: Warning (2): Division by zero in [APP\controllers\components\p_image.php, line 86]
2010-01-10 19:40:10 Warning: Warning (2): getimagesize(C:\wamp\www\geo\app\webroot\files/samples/273/) [<a href='http://php.net/function.getimagesize'>function.getimagesize</a>]: failed to open stream: No such file or directory in [APP\controllers\components\p_image.php, line 26]
2010-01-10 19:40:10 Warning: Warning (2): Division by zero in [APP\controllers\components\p_image.php, line 70]
2010-01-10 19:40:10 Warning: Warning (2): Division by zero in [APP\controllers\components\p_image.php, line 86]
2010-01-12 15:31:47 Warning: Warning (2): getimagesize(C:\wamp\www\geo\app\webroot\files/) [<a href='http://php.net/function.getimagesize'>function.getimagesize</a>]: failed to open stream: No such file or directory in [APP\controllers\components\p_image.php, line 26]
2010-01-12 15:31:47 Warning: Warning (2): Division by zero in [APP\controllers\components\p_image.php, line 70]
2010-01-12 15:31:47 Warning: Warning (2): Division by zero in [APP\controllers\components\p_image.php, line 86]
2010-01-12 15:35:27 Warning: Warning (2): getimagesize(C:\wamp\www\geo\app\webroot\files/) [<a href='http://php.net/function.getimagesize'>function.getimagesize</a>]: failed to open stream: No such file or directory in [APP\controllers\components\p_image.php, line 26]
2010-01-12 15:35:27 Warning: Warning (2): Division by zero in [APP\controllers\components\p_image.php, line 70]
2010-01-12 15:35:27 Warning: Warning (2): Division by zero in [APP\controllers\components\p_image.php, line 86]
2010-01-12 15:54:29 Warning: Warning (512): Method FormHelper::form does not exist in [CORE\cake\libs\view\helper.php, line 143]
2010-01-12 15:54:46 Warning: Warning (512): Method FormHelper::form does not exist in [CORE\cake\libs\view\helper.php, line 143]
2010-01-15 12:10:43 Warning: Warning (2): array_key_exists() [<a href='http://php.net/function.array-key-exists'>function.array-key-exists</a>]: The second argument should be either an array or an object in [CORE\cake\libs\view\helper.php, line 347]
2010-01-19 15:37:52 Warning: Warning (2): imagecreatetruecolor() [<a href='http://php.net/function.imagecreatetruecolor'>function.imagecreatetruecolor</a>]: Invalid image dimensions in [APP\controllers\components\p_image.php, line 149]
2010-01-19 15:37:52 Warning: Warning (2): imagecopyresampled(): supplied argument is not a valid Image resource in [APP\controllers\components\p_image.php, line 159]
2010-01-19 15:37:52 Warning: Warning (2): imagepng(): supplied argument is not a valid Image resource in [APP\controllers\components\p_image.php, line 167]
2010-01-19 15:37:52 Warning: Warning (2): imagedestroy(): supplied argument is not a valid Image resource in [APP\controllers\components\p_image.php, line 178]
2010-01-19 15:37:52 Warning: Warning (2): Cannot modify header information - headers already sent by (output started at C:\wamp\www\geo\cake\basics.php:117) in [CORE\cake\libs\controller\controller.php, line 615]
2010-01-23 15:44:35 Warning: Warning (2): strrpos() expects parameter 1 to be string, array given in [APP\views\helpers\menu.php, line 31]
2010-01-23 15:44:37 Warning: Warning (2): strrpos() expects parameter 1 to be string, array given in [APP\views\helpers\menu.php, line 31]
2010-01-23 15:44:43 Warning: Warning (2): strrpos() expects parameter 1 to be string, array given in [APP\views\helpers\menu.php, line 31]
2010-01-23 15:44:46 Warning: Warning (2): strrpos() expects parameter 1 to be string, array given in [APP\views\helpers\menu.php, line 31]
2010-01-23 15:44:47 Warning: Warning (2): strrpos() expects parameter 1 to be string, array given in [APP\views\helpers\menu.php, line 31]
2010-01-25 17:15:13 Warning: Warning (512): <span style = "color:Red;text-align:left"><b>SQL Error:</b> 1064: You have an error in your SQL syntax; check the manual that corresponds to your MySQL server version for the right syntax to use near 'count(*) AS SampleCount FROM samples As Sample  
				  LEFT JOIN minerals AS Mi' at line 1</span> in [CORE\cake\libs\model\datasources\dbo_source.php, line 514]
2010-12-02 09:14:52 Warning: Warning (2): getimagesize(C:\wamp\www\geo\app\webroot\files/samples/160/) [<a href='http://php.net/function.getimagesize'>function.getimagesize</a>]: failed to open stream: No such file or directory in [APP\controllers\components\p_image.php, line 26]
2010-12-02 09:14:52 Warning: Warning (2): Division by zero in [APP\controllers\components\p_image.php, line 70]
2010-12-02 09:14:52 Warning: Warning (2): Division by zero in [APP\controllers\components\p_image.php, line 86]
2010-12-03 17:20:53 Warning: Warning (512): <span style = "color:Red;text-align:left"><b>SQL Error:</b> 1064: You have an error in your SQL syntax; check the manual that corresponds to your MySQL server version for the right syntax to use near 'getRelatedSamples' at line 1</span> in [CORE\cake\libs\model\datasources\dbo_source.php, line 514]
2010-12-03 17:20:54 Warning: Warning (512): <span style = "color:Red;text-align:left"><b>SQL Error:</b> 1064: You have an error in your SQL syntax; check the manual that corresponds to your MySQL server version for the right syntax to use near 'getRelatedSamples' at line 1</span> in [CORE\cake\libs\model\datasources\dbo_source.php, line 514]
2010-12-04 13:22:29 Warning: Warning (512): <span style = "color:Red;text-align:left"><b>SQL Error:</b> 1065: Query was empty</span> in [CORE\cake\libs\model\datasources\dbo_source.php, line 514]
2010-12-04 13:26:40 Warning: Warning (512): <span style = "color:Red;text-align:left"><b>SQL Error:</b> 1065: Query was empty</span> in [CORE\cake\libs\model\datasources\dbo_source.php, line 514]
2010-12-04 13:27:45 Warning: Warning (512): <span style = "color:Red;text-align:left"><b>SQL Error:</b> 1065: Query was empty</span> in [CORE\cake\libs\model\datasources\dbo_source.php, line 514]
2010-12-04 15:54:03 Warning: Warning (512): <span style = "color:Red;text-align:left"><b>SQL Error:</b> 1064: You have an error in your SQL syntax; check the manual that corresponds to your MySQL server version for the right syntax to use near 'GROUP BY Sample.name_eng
				   ORDER BY Sample.name_eng' at line 5</span> in [CORE\cake\libs\model\datasources\dbo_source.php, line 514]
2010-12-04 15:54:03 Warning: Warning (2): Invalid argument supplied for foreach() in [APP\views\crystal_systems\index.ctp, line 16]
